<?xml version="1.0" encoding="UTF-8"?>
<!-- Generated by org.testng.reporters.JUnitReportReporter -->
<testsuite skipped="3" hostname="DESKTOP-H6OT06O" name="day1.WeatherAPI" tests="4" failures="0" timestamp="07 Oct 2021 13:28:02 GMT" time="1.914" errors="0">
  <testcase name="getWeather4" time="1.914" classname="day1.WeatherAPI"/>
  <testcase name="getWeather" classname="day1.WeatherAPI">
    <skipped/>
  </testcase> <!-- getWeather -->
  <testcase name="getWeather2" classname="day1.WeatherAPI">
    <skipped/>
  </testcase> <!-- getWeather2 -->
  <testcase name="getWeather3" classname="day1.WeatherAPI">
    <skipped/>
  </testcase> <!-- getWeather3 -->
</testsuite> <!-- day1.WeatherAPI -->
