<?xml version="1.0" encoding="UTF-8"?>
<!-- Generated by org.testng.reporters.JUnitReportReporter -->
<testsuite skipped="0" hostname="DESKTOP-H6OT06O" name="day2.GitHub" tests="2" failures="0" timestamp="08 Oct 2021 10:26:21 GMT" time="4.167" errors="0">
  <testcase name="createRepositories" time="2.612" classname="day2.GitHub"/>
  <testcase name="gettingAllRepositories" time="1.555" classname="day2.GitHub"/>
</testsuite> <!-- day2.GitHub -->
