<?xml version="1.0" encoding="UTF-8"?>
<!-- Generated by org.testng.reporters.JUnitReportReporter -->
<testsuite skipped="0" hostname="DESKTOP-H6OT06O" name="day1.NegativeContactListTest" tests="5" failures="0" timestamp="08 Oct 2021 07:17:50 GMT" time="5.895" errors="0">
  <testcase name="recordNotFound" time="0.836" classname="day1.NegativeContactListTest"/>
  <testcase name="addingContactWithInvalidChar" time="0.557" classname="day1.NegativeContactListTest"/>
  <testcase name="addingContactWithInvalidFormat" time="0.678" classname="day1.NegativeContactListTest"/>
  <testcase name="addingContactMissingparameter" time="2.978" classname="day1.NegativeContactListTest"/>
  <testcase name="addingContactWithMaxLen" time="0.846" classname="day1.NegativeContactListTest"/>
</testsuite> <!-- day1.NegativeContactListTest -->
