<?xml version="1.0" encoding="UTF-8"?>
<!-- Generated by org.testng.reporters.JUnitReportReporter -->
<testsuite skipped="5" hostname="DESKTOP-H6OT06O" name="day2.PositiveContactListTest" tests="8" failures="0" timestamp="08 Oct 2021 11:48:32 GMT" time="4.724" errors="0">
  <testcase name="getSpecificContact3" time="0.512" classname="day2.PositiveContactListTest"/>
  <testcase name="addingContact" time="3.409" classname="day2.PositiveContactListTest"/>
  <testcase name="updatingContact" time="0.803" classname="day2.PositiveContactListTest"/>
  <testcase name="getContactListInfo" classname="day2.PositiveContactListTest">
    <skipped/>
  </testcase> <!-- getContactListInfo -->
  <testcase name="getSpecificContact4" classname="day2.PositiveContactListTest">
    <skipped/>
  </testcase> <!-- getSpecificContact4 -->
  <testcase name="getSpecificContact2" classname="day2.PositiveContactListTest">
    <skipped/>
  </testcase> <!-- getSpecificContact2 -->
  <testcase name="getSpecificContact" classname="day2.PositiveContactListTest">
    <skipped/>
  </testcase> <!-- getSpecificContact -->
  <testcase name="deletingContact" classname="day2.PositiveContactListTest">
    <skipped/>
  </testcase> <!-- deletingContact -->
</testsuite> <!-- day2.PositiveContactListTest -->
